<?xml version="1.0" encoding="UTF-8"?>
<!-- Generated by org.testng.reporters.JUnitReportReporter -->
<testsuite hostname="MacBook-Pro-de-Nimesha.local" failures="0" tests="1" name="dufresne.automation.Tests.MakeOrder" time="26.992" errors="0" timestamp="2025-02-18T09:16:17 CST" skipped="0">
  <testcase classname="dufresne.automation.Tests.MakeOrder" name="makeOrder" time="26.992"/>
</testsuite> <!-- dufresne.automation.Tests.MakeOrder -->
