<?xml version="1.0" encoding="UTF-8"?>
<!-- Generated by org.testng.reporters.JUnitReportReporter -->
<testsuite hostname="MacBook-Pro-de-Nimesha.local" failures="0" tests="1" name="dufresne.automation.Tests.MakeOrder" time="23.226" errors="0" timestamp="2025-02-14T03:04:43 EST" skipped="0">
  <testcase classname="dufresne.automation.Tests.MakeOrder" name="makeOrder" time="23.226"/>
</testsuite> <!-- dufresne.automation.Tests.MakeOrder -->
