<?xml version="1.0" encoding="UTF-8"?>
<!-- Generated by org.testng.reporters.JUnitReportReporter -->
<testsuite hostname="MacBook-Pro-de-Nimesha.local" failures="0" tests="1" name="dufresne.automation.Tests.MakeOrder" time="29.030" errors="0" timestamp="2025-02-13T02:45:35 EST" skipped="0">
  <testcase classname="dufresne.automation.Tests.MakeOrder" name="makeOrder" time="29.030"/>
</testsuite> <!-- dufresne.automation.Tests.MakeOrder -->
